2022-06-17 09:35:11.837 febs [SpringApplicationShutdownHook] INFO  o.s.o.j.LocalContainerEntityManagerFactoryBean - Closing JPA EntityManagerFactory for persistence unit 'default'
2022-06-17 09:35:11.932 febs [SpringApplicationShutdownHook] INFO  com.zaxxer.hikari.HikariDataSource - HikariPool-1 - Shutdown initiated...
2022-06-17 09:35:11.935 febs [SpringApplicationShutdownHook] INFO  com.zaxxer.hikari.HikariDataSource - HikariPool-1 - Shutdown completed.
2022-06-17 13:32:18.860 febs [main] INFO  c.j.t.t.TestProjectApplicationTests - Starting TestProjectApplicationTests using Java 1.8.0_73 on SKY-20220215GCD with PID 15908 (started by Administrator in C:\Users\Administrator\Desktop\project\serve)
2022-06-17 13:32:18.861 febs [main] INFO  c.j.t.t.TestProjectApplicationTests - No active profile set, falling back to 1 default profile: "default"
2022-06-17 13:32:19.418 febs [main] INFO  o.s.d.r.c.RepositoryConfigurationDelegate - Bootstrapping Spring Data JPA repositories in DEFAULT mode.
2022-06-17 13:32:19.486 febs [main] INFO  o.s.d.r.c.RepositoryConfigurationDelegate - Finished Spring Data repository scanning in 60 ms. Found 3 JPA repository interfaces.
2022-06-17 13:32:19.942 febs [main] INFO  c.j.t.testproject.utils.SpringUtils - 完成 初始化Bean org.springframework.boot.autoconfigure.sql.init.DataSourceInitializationConfiguration ：org.springframework.boot.autoconfigure.sql.init.DataSourceInitializationConfiguration
2022-06-17 13:32:19.944 febs [main] INFO  c.j.t.testproject.utils.SpringUtils - 完成 初始化Bean org.springframework.boot.autoconfigure.jdbc.DataSourceConfiguration$Hikari ：org.springframework.boot.autoconfigure.jdbc.DataSourceConfiguration$Hikari
2022-06-17 13:32:19.950 febs [main] INFO  c.j.t.testproject.utils.SpringUtils - 完成 初始化Bean org.springframework.boot.context.properties.BoundConfigurationProperties ：org.springframework.boot.context.properties.BoundConfigurationProperties
2022-06-17 13:32:19.975 febs [main] INFO  c.j.t.testproject.utils.SpringUtils - 完成 初始化Bean spring.datasource-org.springframework.boot.autoconfigure.jdbc.DataSourceProperties ：org.springframework.boot.autoconfigure.jdbc.DataSourceProperties
2022-06-17 13:32:19.997 febs [main] INFO  c.j.t.testproject.utils.SpringUtils - 完成 初始化Bean dataSource ：com.zaxxer.hikari.HikariDataSource
2022-06-17 13:32:20.000 febs [main] INFO  c.j.t.testproject.utils.SpringUtils - 完成 初始化Bean spring.sql.init-org.springframework.boot.autoconfigure.sql.init.SqlInitializationProperties ：org.springframework.boot.autoconfigure.sql.init.SqlInitializationProperties
2022-06-17 13:32:20.006 febs [main] INFO  c.j.t.testproject.utils.SpringUtils - 完成 初始化Bean dataSourceScriptDatabaseInitializer ：org.springframework.boot.autoconfigure.sql.init.SqlDataSourceScriptDatabaseInitializer
2022-06-17 13:32:20.010 febs [main] INFO  c.j.t.testproject.utils.SpringUtils - 完成 初始化Bean spring.jpa-org.springframework.boot.autoconfigure.orm.jpa.JpaProperties ：org.springframework.boot.autoconfigure.orm.jpa.JpaProperties
2022-06-17 13:32:20.012 febs [main] INFO  c.j.t.testproject.utils.SpringUtils - 完成 初始化Bean spring.jpa.hibernate-org.springframework.boot.autoconfigure.orm.jpa.HibernateProperties ：org.springframework.boot.autoconfigure.orm.jpa.HibernateProperties
2022-06-17 13:32:20.014 febs [main] INFO  c.j.t.testproject.utils.SpringUtils - 完成 初始化Bean org.springframework.boot.autoconfigure.jdbc.metadata.DataSourcePoolMetadataProvidersConfiguration$HikariPoolDataSourceMetadataProviderConfiguration ：org.springframework.boot.autoconfigure.jdbc.metadata.DataSourcePoolMetadataProvidersConfiguration$HikariPoolDataSourceMetadataProviderConfiguration
2022-06-17 13:32:20.017 febs [main] INFO  c.j.t.testproject.utils.SpringUtils - 完成 初始化Bean hikariPoolDataSourceMetadataProvider ：org.springframework.boot.autoconfigure.jdbc.metadata.DataSourcePoolMetadataProvidersConfiguration$HikariPoolDataSourceMetadataProviderConfiguration$$Lambda$726/14908166
2022-06-17 13:32:20.025 febs [main] INFO  c.j.t.testproject.utils.SpringUtils - 完成 初始化Bean org.springframework.boot.autoconfigure.orm.jpa.HibernateJpaConfiguration ：org.springframework.boot.autoconfigure.orm.jpa.HibernateJpaConfiguration
2022-06-17 13:32:20.044 febs [main] INFO  c.j.t.testproject.utils.SpringUtils - 完成 初始化Bean jpaVendorAdapter ：org.springframework.orm.jpa.vendor.HibernateJpaVendorAdapter
2022-06-17 13:32:20.046 febs [main] INFO  c.j.t.testproject.utils.SpringUtils - 完成 初始化Bean entityManagerFactoryBuilder ：org.springframework.boot.orm.jpa.EntityManagerFactoryBuilder
2022-06-17 13:32:20.058 febs [main] INFO  com.zaxxer.hikari.HikariDataSource - HikariPool-1 - Starting...
2022-06-17 13:32:20.214 febs [main] INFO  com.zaxxer.hikari.HikariDataSource - HikariPool-1 - Start completed.
2022-06-17 13:32:20.275 febs [main] INFO  o.h.jpa.internal.util.LogHelper - HHH000204: Processing PersistenceUnitInfo [name: default]
2022-06-17 13:32:20.342 febs [main] INFO  org.hibernate.Version - HHH000412: Hibernate ORM core version 5.6.7.Final
2022-06-17 13:32:20.543 febs [main] INFO  o.h.annotations.common.Version - HCANN000001: Hibernate Commons Annotations {5.1.2.Final}
2022-06-17 13:32:20.838 febs [main] INFO  org.hibernate.dialect.Dialect - HHH000400: Using dialect: org.hibernate.dialect.MySQL8Dialect
2022-06-17 13:32:21.415 febs [main] INFO  o.h.e.t.j.p.i.JtaPlatformInitiator - HHH000490: Using JtaPlatform implementation: [org.hibernate.engine.transaction.jta.platform.internal.NoJtaPlatform]
2022-06-17 13:32:21.425 febs [main] INFO  o.s.o.j.LocalContainerEntityManagerFactoryBean - Initialized JPA EntityManagerFactory for persistence unit 'default'
2022-06-17 13:32:21.430 febs [main] INFO  c.j.t.testproject.utils.SpringUtils - 完成 初始化Bean entityManagerFactory ：org.springframework.orm.jpa.LocalContainerEntityManagerFactoryBean
2022-06-17 13:32:21.433 febs [main] INFO  c.j.t.testproject.utils.SpringUtils - 完成 初始化Bean testProjectApplication ：com.jiao.testproject.testproject.TestProjectApplication$$EnhancerBySpringCGLIB$$67b47d19
2022-06-17 13:32:21.434 febs [main] INFO  c.j.t.testproject.utils.SpringUtils - 完成 初始化Bean customerAnnotationParse ：com.jiao.testproject.testproject.annotation.CustomerAnnotationParse
2022-06-17 13:32:21.443 febs [main] INFO  c.j.t.testproject.utils.SpringUtils - 完成 初始化Bean entityManagerFactory ：com.sun.proxy.$Proxy107
2022-06-17 13:32:21.474 febs [main] INFO  c.j.t.testproject.utils.SpringUtils - 完成 初始化Bean customerCrudRepository ：com.jiao.testproject.testproject.dao.impl.CustomerCrudRepository$$EnhancerBySpringCGLIB$$f6c34d33
2022-06-17 13:32:21.489 febs [main] INFO  c.j.t.testproject.utils.SpringUtils - 完成 初始化Bean (inner bean)#11c5cf2 ：org.springframework.beans.factory.config.PropertiesFactoryBean
2022-06-17 13:32:21.492 febs [main] INFO  c.j.t.testproject.utils.SpringUtils - 完成 初始化Bean (inner bean)#11c5cf2 ：java.util.Properties
2022-06-17 13:32:21.494 febs [main] INFO  c.j.t.testproject.utils.SpringUtils - 完成 初始化Bean (inner bean)#1cf9525 ：org.springframework.data.repository.core.support.PropertiesBasedNamedQueries
2022-06-17 13:32:21.499 febs [main] INFO  c.j.t.testproject.utils.SpringUtils - 完成 初始化Bean (inner bean)#12d853 ：org.springframework.data.repository.core.support.RepositoryFragmentsFactoryBean
2022-06-17 13:32:21.502 febs [main] INFO  c.j.t.testproject.utils.SpringUtils - 完成 初始化Bean (inner bean)#12d853 ：org.springframework.data.repository.core.support.RepositoryComposition$RepositoryFragments
2022-06-17 13:32:21.521 febs [main] INFO  c.j.t.testproject.utils.SpringUtils - 完成 初始化Bean (inner bean)#194703b ：com.sun.proxy.$Proxy112
2022-06-17 13:32:21.538 febs [main] INFO  c.j.t.testproject.utils.SpringUtils - 完成 初始化Bean jpaMappingContext ：org.springframework.data.jpa.repository.config.JpaMetamodelMappingContextFactoryBean
2022-06-17 13:32:21.545 febs [main] INFO  c.j.t.testproject.utils.SpringUtils - 完成 初始化Bean jpaMappingContext ：org.springframework.data.jpa.mapping.JpaMetamodelMappingContext
2022-06-17 13:32:21.824 febs [main] INFO  c.j.t.testproject.utils.SpringUtils - 完成 初始化Bean ICustomerRepository ：org.springframework.data.jpa.repository.support.JpaRepositoryFactoryBean
2022-06-17 13:32:21.828 febs [main] INFO  c.j.t.testproject.utils.SpringUtils - 完成 初始化Bean ICustomerRepository ：com.sun.proxy.$Proxy119
2022-06-17 13:32:21.841 febs [main] INFO  c.j.t.testproject.utils.SpringUtils - 完成 初始化Bean mybatis-org.mybatis.spring.boot.autoconfigure.MybatisProperties ：org.mybatis.spring.boot.autoconfigure.MybatisProperties
2022-06-17 13:32:21.849 febs [main] INFO  c.j.t.testproject.utils.SpringUtils - 完成 初始化Bean org.mybatis.spring.boot.autoconfigure.MybatisAutoConfiguration ：org.mybatis.spring.boot.autoconfigure.MybatisAutoConfiguration$$EnhancerBySpringCGLIB$$c673dcb9
2022-06-17 13:32:22.035 febs [main] INFO  c.j.t.testproject.utils.SpringUtils - 完成 初始化Bean sqlSessionFactory ：org.apache.ibatis.session.defaults.DefaultSqlSessionFactory
2022-06-17 13:32:22.042 febs [main] INFO  c.j.t.testproject.utils.SpringUtils - 完成 初始化Bean sqlSessionTemplate ：org.mybatis.spring.SqlSessionTemplate
2022-06-17 13:32:22.043 febs [main] INFO  c.j.t.testproject.utils.SpringUtils - 完成 初始化Bean userDao ：org.mybatis.spring.mapper.MapperFactoryBean
2022-06-17 13:32:22.045 febs [main] INFO  c.j.t.testproject.utils.SpringUtils - 完成 初始化Bean userDao ：com.sun.proxy.$Proxy126
2022-06-17 13:32:22.046 febs [main] INFO  c.j.t.testproject.utils.SpringUtils - 完成 初始化Bean fileEntityMapper ：org.mybatis.spring.mapper.MapperFactoryBean
2022-06-17 13:32:22.047 febs [main] INFO  c.j.t.testproject.utils.SpringUtils - 完成 初始化Bean fileEntityMapper ：com.sun.proxy.$Proxy127
2022-06-17 13:32:22.048 febs [main] INFO  c.j.t.testproject.utils.SpringUtils - 完成 初始化Bean (inner bean)#1d91faf ：org.springframework.beans.factory.config.PropertiesFactoryBean
2022-06-17 13:32:22.048 febs [main] INFO  c.j.t.testproject.utils.SpringUtils - 完成 初始化Bean (inner bean)#1d91faf ：java.util.Properties
2022-06-17 13:32:22.049 febs [main] INFO  c.j.t.testproject.utils.SpringUtils - 完成 初始化Bean (inner bean)#1cb04dd ：org.springframework.data.repository.core.support.PropertiesBasedNamedQueries
2022-06-17 13:32:22.049 febs [main] INFO  c.j.t.testproject.utils.SpringUtils - 完成 初始化Bean (inner bean)#13876ef ：org.springframework.data.repository.core.support.RepositoryFragmentsFactoryBean
2022-06-17 13:32:22.050 febs [main] INFO  c.j.t.testproject.utils.SpringUtils - 完成 初始化Bean (inner bean)#13876ef ：org.springframework.data.repository.core.support.RepositoryComposition$RepositoryFragments
2022-06-17 13:32:22.051 febs [main] INFO  c.j.t.testproject.utils.SpringUtils - 完成 初始化Bean (inner bean)#4ec427 ：com.sun.proxy.$Proxy112
2022-06-17 13:32:22.126 febs [main] INFO  c.j.t.testproject.utils.SpringUtils - 完成 初始化Bean fileEntityRepository ：org.springframework.data.jpa.repository.support.JpaRepositoryFactoryBean
2022-06-17 13:32:22.129 febs [main] INFO  c.j.t.testproject.utils.SpringUtils - 完成 初始化Bean fileEntityRepository ：com.sun.proxy.$Proxy128
2022-06-17 13:32:22.130 febs [main] INFO  c.j.t.testproject.utils.SpringUtils - 完成 初始化Bean (inner bean)#1336cc8 ：org.springframework.beans.factory.config.PropertiesFactoryBean
2022-06-17 13:32:22.130 febs [main] INFO  c.j.t.testproject.utils.SpringUtils - 完成 初始化Bean (inner bean)#1336cc8 ：java.util.Properties
2022-06-17 13:32:22.130 febs [main] INFO  c.j.t.testproject.utils.SpringUtils - 完成 初始化Bean (inner bean)#1c4059a ：org.springframework.data.repository.core.support.PropertiesBasedNamedQueries
2022-06-17 13:32:22.131 febs [main] INFO  c.j.t.testproject.utils.SpringUtils - 完成 初始化Bean (inner bean)#1464154 ：org.springframework.data.repository.core.support.RepositoryFragmentsFactoryBean
2022-06-17 13:32:22.131 febs [main] INFO  c.j.t.testproject.utils.SpringUtils - 完成 初始化Bean (inner bean)#1464154 ：org.springframework.data.repository.core.support.RepositoryComposition$RepositoryFragments
2022-06-17 13:32:22.133 febs [main] INFO  c.j.t.testproject.utils.SpringUtils - 完成 初始化Bean (inner bean)#1030c72 ：com.sun.proxy.$Proxy112
2022-06-17 13:32:22.145 febs [main] INFO  c.j.t.testproject.utils.SpringUtils - 完成 初始化Bean userRepository ：org.springframework.data.jpa.repository.support.JpaRepositoryFactoryBean
2022-06-17 13:32:22.146 febs [main] INFO  c.j.t.testproject.utils.SpringUtils - 完成 初始化Bean userRepository ：com.sun.proxy.$Proxy129
2022-06-17 13:32:22.156 febs [main] INFO  c.j.t.testproject.utils.SpringUtils - 完成 初始化Bean userServiceImpl ：com.jiao.testproject.testproject.services.impl.UserServiceImpl$$EnhancerBySpringCGLIB$$2b4f6c1d
2022-06-17 13:32:22.176 febs [main] INFO  c.j.t.testproject.utils.SpringUtils - 完成 初始化Bean fileServiceImpl ：com.jiao.testproject.testproject.services.impl.FileServiceImpl$$EnhancerBySpringCGLIB$$555fa8a
2022-06-17 13:32:22.181 febs [main] INFO  c.j.t.testproject.utils.SpringUtils - 完成 初始化Bean commonController ：com.jiao.testproject.testproject.controller.CommonController$$EnhancerBySpringCGLIB$$28ba8b24
2022-06-17 13:32:22.184 febs [main] INFO  c.j.t.testproject.utils.SpringUtils - 完成 初始化Bean fileController ：com.jiao.testproject.testproject.controller.FileController
2022-06-17 13:32:22.192 febs [main] INFO  c.j.t.testproject.utils.SpringUtils - 完成 初始化Bean testAnnotation ：com.jiao.testproject.testproject.controller.TestAnnotation$$EnhancerBySpringCGLIB$$eac8bd60
2022-06-17 13:32:22.195 febs [main] INFO  c.j.t.testproject.utils.SpringUtils - 完成 初始化Bean testHutool ：com.jiao.testproject.testproject.controller.TestHutool
2022-06-17 13:32:22.198 febs [main] INFO  c.j.t.testproject.utils.SpringUtils - 完成 初始化Bean userController ：com.jiao.testproject.testproject.controller.UserController
2022-06-17 13:32:22.201 febs [main] INFO  c.j.t.testproject.utils.SpringUtils - 完成 初始化Bean fileNameLengthLimitExceededException ：com.jiao.testproject.testproject.exception.FileNameLengthLimitExceededException
2022-06-17 13:32:22.251 febs [main] INFO  c.j.t.testproject.utils.SpringUtils - 完成 初始化Bean org.springframework.boot.autoconfigure.websocket.servlet.WebSocketServletAutoConfiguration$TomcatWebSocketConfiguration ：org.springframework.boot.autoconfigure.websocket.servlet.WebSocketServletAutoConfiguration$TomcatWebSocketConfiguration
2022-06-17 13:32:22.253 febs [main] INFO  c.j.t.testproject.utils.SpringUtils - 完成 初始化Bean websocketServletWebServerCustomizer ：org.springframework.boot.autoconfigure.websocket.servlet.TomcatWebSocketServletWebServerCustomizer
2022-06-17 13:32:22.255 febs [main] INFO  c.j.t.testproject.utils.SpringUtils - 完成 初始化Bean org.springframework.boot.autoconfigure.web.servlet.ServletWebServerFactoryAutoConfiguration ：org.springframework.boot.autoconfigure.web.servlet.ServletWebServerFactoryAutoConfiguration
2022-06-17 13:32:22.262 febs [main] INFO  c.j.t.testproject.utils.SpringUtils - 完成 初始化Bean server-org.springframework.boot.autoconfigure.web.ServerProperties ：org.springframework.boot.autoconfigure.web.ServerProperties
2022-06-17 13:32:22.264 febs [main] INFO  c.j.t.testproject.utils.SpringUtils - 完成 初始化Bean servletWebServerFactoryCustomizer ：org.springframework.boot.autoconfigure.web.servlet.ServletWebServerFactoryCustomizer
2022-06-17 13:32:22.266 febs [main] INFO  c.j.t.testproject.utils.SpringUtils - 完成 初始化Bean tomcatServletWebServerFactoryCustomizer ：org.springframework.boot.autoconfigure.web.servlet.TomcatServletWebServerFactoryCustomizer
2022-06-17 13:32:22.268 febs [main] INFO  c.j.t.testproject.utils.SpringUtils - 完成 初始化Bean org.springframework.boot.autoconfigure.web.embedded.EmbeddedWebServerFactoryCustomizerAutoConfiguration$TomcatWebServerFactoryCustomizerConfiguration ：org.springframework.boot.autoconfigure.web.embedded.EmbeddedWebServerFactoryCustomizerAutoConfiguration$TomcatWebServerFactoryCustomizerConfiguration
2022-06-17 13:32:22.271 febs [main] INFO  c.j.t.testproject.utils.SpringUtils - 完成 初始化Bean tomcatWebServerFactoryCustomizer ：org.springframework.boot.autoconfigure.web.embedded.TomcatWebServerFactoryCustomizer
2022-06-17 13:32:22.272 febs [main] INFO  c.j.t.testproject.utils.SpringUtils - 完成 初始化Bean org.springframework.boot.autoconfigure.web.servlet.HttpEncodingAutoConfiguration ：org.springframework.boot.autoconfigure.web.servlet.HttpEncodingAutoConfiguration
2022-06-17 13:32:22.274 febs [main] INFO  c.j.t.testproject.utils.SpringUtils - 完成 初始化Bean localeCharsetMappingsCustomizer ：org.springframework.boot.autoconfigure.web.servlet.HttpEncodingAutoConfiguration$LocaleCharsetMappingsCustomizer
2022-06-17 13:32:22.294 febs [main] INFO  c.j.t.testproject.utils.SpringUtils - 完成 初始化Bean org.springframework.boot.autoconfigure.web.servlet.error.ErrorMvcAutoConfiguration ：org.springframework.boot.autoconfigure.web.servlet.error.ErrorMvcAutoConfiguration
2022-06-17 13:32:22.295 febs [main] INFO  c.j.t.testproject.utils.SpringUtils - 完成 初始化Bean org.springframework.boot.autoconfigure.web.servlet.DispatcherServletAutoConfiguration$DispatcherServletRegistrationConfiguration ：org.springframework.boot.autoconfigure.web.servlet.DispatcherServletAutoConfiguration$DispatcherServletRegistrationConfiguration
2022-06-17 13:32:22.297 febs [main] INFO  c.j.t.testproject.utils.SpringUtils - 完成 初始化Bean org.springframework.boot.autoconfigure.web.servlet.DispatcherServletAutoConfiguration$DispatcherServletConfiguration ：org.springframework.boot.autoconfigure.web.servlet.DispatcherServletAutoConfiguration$DispatcherServletConfiguration
2022-06-17 13:32:22.300 febs [main] INFO  c.j.t.testproject.utils.SpringUtils - 完成 初始化Bean spring.mvc-org.springframework.boot.autoconfigure.web.servlet.WebMvcProperties ：org.springframework.boot.autoconfigure.web.servlet.WebMvcProperties
2022-06-17 13:32:22.319 febs [main] INFO  c.j.t.testproject.utils.SpringUtils - 完成 初始化Bean dispatcherServlet ：org.springframework.web.servlet.DispatcherServlet
2022-06-17 13:32:22.324 febs [main] INFO  c.j.t.testproject.utils.SpringUtils - 完成 初始化Bean spring.servlet.multipart-org.springframework.boot.autoconfigure.web.servlet.MultipartProperties ：org.springframework.boot.autoconfigure.web.servlet.MultipartProperties
2022-06-17 13:32:22.329 febs [main] INFO  c.j.t.testproject.utils.SpringUtils - 完成 初始化Bean org.springframework.boot.autoconfigure.web.servlet.MultipartAutoConfiguration ：org.springframework.boot.autoconfigure.web.servlet.MultipartAutoConfiguration
2022-06-17 13:32:22.330 febs [main] INFO  c.j.t.testproject.utils.SpringUtils - 完成 初始化Bean multipartConfigElement ：javax.servlet.MultipartConfigElement
2022-06-17 13:32:22.337 febs [main] INFO  c.j.t.testproject.utils.SpringUtils - 完成 初始化Bean dispatcherServletRegistration ：org.springframework.boot.autoconfigure.web.servlet.DispatcherServletRegistrationBean
2022-06-17 13:32:22.339 febs [main] INFO  c.j.t.testproject.utils.SpringUtils - 完成 初始化Bean errorPageCustomizer ：org.springframework.boot.autoconfigure.web.servlet.error.ErrorMvcAutoConfiguration$ErrorPageCustomizer
2022-06-17 13:32:22.342 febs [main] INFO  c.j.t.testproject.utils.SpringUtils - 完成 初始化Bean webServerFactory ：org.springframework.boot.web.embedded.tomcat.TomcatServletWebServerFactory
2022-06-17 13:32:22.344 febs [main] INFO  c.j.t.testproject.utils.SpringUtils - 完成 初始化Bean org.springframework.orm.jpa.SharedEntityManagerCreator#0 ：com.sun.proxy.$Proxy112
2022-06-17 13:32:22.348 febs [main] INFO  c.j.t.testproject.utils.SpringUtils - 完成 初始化Bean jpaQueryFactory ：com.querydsl.jpa.impl.JPAQueryFactory
2022-06-17 13:32:22.350 febs [main] INFO  c.j.t.testproject.utils.SpringUtils - 完成 初始化Bean org.springframework.boot.autoconfigure.context.PropertyPlaceholderAutoConfiguration ：org.springframework.boot.autoconfigure.context.PropertyPlaceholderAutoConfiguration
2022-06-17 13:32:22.351 febs [main] INFO  c.j.t.testproject.utils.SpringUtils - 完成 初始化Bean org.springframework.boot.autoconfigure.websocket.servlet.WebSocketServletAutoConfiguration ：org.springframework.boot.autoconfigure.websocket.servlet.WebSocketServletAutoConfiguration
2022-06-17 13:32:22.353 febs [main] INFO  c.j.t.testproject.utils.SpringUtils - 完成 初始化Bean org.springframework.boot.context.properties.EnableConfigurationPropertiesRegistrar.methodValidationExcludeFilter ：org.springframework.boot.validation.beanvalidation.MethodValidationExcludeFilter$$Lambda$1145/8684055
2022-06-17 13:32:22.354 febs [main] INFO  c.j.t.testproject.utils.SpringUtils - 完成 初始化Bean org.springframework.boot.autoconfigure.web.servlet.DispatcherServletAutoConfiguration ：org.springframework.boot.autoconfigure.web.servlet.DispatcherServletAutoConfiguration
2022-06-17 13:32:22.355 febs [main] INFO  c.j.t.testproject.utils.SpringUtils - 完成 初始化Bean org.springframework.boot.autoconfigure.task.TaskExecutionAutoConfiguration ：org.springframework.boot.autoconfigure.task.TaskExecutionAutoConfiguration
2022-06-17 13:32:22.357 febs [main] INFO  c.j.t.testproject.utils.SpringUtils - 完成 初始化Bean spring.task.execution-org.springframework.boot.autoconfigure.task.TaskExecutionProperties ：org.springframework.boot.autoconfigure.task.TaskExecutionProperties
2022-06-17 13:32:22.360 febs [main] INFO  c.j.t.testproject.utils.SpringUtils - 完成 初始化Bean taskExecutorBuilder ：org.springframework.boot.task.TaskExecutorBuilder
2022-06-17 13:32:22.361 febs [main] INFO  c.j.t.testproject.utils.SpringUtils - 完成 初始化Bean org.springframework.boot.autoconfigure.web.servlet.error.ErrorMvcAutoConfiguration$WhitelabelErrorViewConfiguration ：org.springframework.boot.autoconfigure.web.servlet.error.ErrorMvcAutoConfiguration$WhitelabelErrorViewConfiguration
2022-06-17 13:32:22.362 febs [main] INFO  c.j.t.testproject.utils.SpringUtils - 完成 初始化Bean error ：org.springframework.boot.autoconfigure.web.servlet.error.ErrorMvcAutoConfiguration$StaticView
2022-06-17 13:32:22.371 febs [main] INFO  c.j.t.testproject.utils.SpringUtils - 完成 初始化Bean beanNameViewResolver ：org.springframework.web.servlet.view.BeanNameViewResolver
2022-06-17 13:32:22.375 febs [main] INFO  c.j.t.testproject.utils.SpringUtils - 完成 初始化Bean spring.web-org.springframework.boot.autoconfigure.web.WebProperties ：org.springframework.boot.autoconfigure.web.WebProperties
2022-06-17 13:32:22.376 febs [main] INFO  c.j.t.testproject.utils.SpringUtils - 完成 初始化Bean org.springframework.boot.autoconfigure.web.servlet.error.ErrorMvcAutoConfiguration$DefaultErrorViewResolverConfiguration ：org.springframework.boot.autoconfigure.web.servlet.error.ErrorMvcAutoConfiguration$DefaultErrorViewResolverConfiguration
2022-06-17 13:32:22.380 febs [main] INFO  c.j.t.testproject.utils.SpringUtils - 完成 初始化Bean conventionErrorViewResolver ：org.springframework.boot.autoconfigure.web.servlet.error.DefaultErrorViewResolver
2022-06-17 13:32:22.383 febs [main] INFO  c.j.t.testproject.utils.SpringUtils - 完成 初始化Bean errorAttributes ：org.springframework.boot.web.servlet.error.DefaultErrorAttributes
2022-06-17 13:32:22.388 febs [main] INFO  c.j.t.testproject.utils.SpringUtils - 完成 初始化Bean basicErrorController ：org.springframework.boot.autoconfigure.web.servlet.error.BasicErrorController
2022-06-17 13:32:22.401 febs [main] INFO  c.j.t.testproject.utils.SpringUtils - 完成 初始化Bean org.springframework.boot.autoconfigure.web.servlet.WebMvcAutoConfiguration$WebMvcAutoConfigurationAdapter ：org.springframework.boot.autoconfigure.web.servlet.WebMvcAutoConfiguration$WebMvcAutoConfigurationAdapter
2022-06-17 13:32:22.402 febs [main] INFO  c.j.t.testproject.utils.SpringUtils - 完成 初始化Bean org.springframework.boot.autoconfigure.orm.jpa.JpaBaseConfiguration$JpaWebConfiguration ：org.springframework.boot.autoconfigure.orm.jpa.JpaBaseConfiguration$JpaWebConfiguration
2022-06-17 13:32:22.409 febs [main] INFO  c.j.t.testproject.utils.SpringUtils - 完成 初始化Bean openEntityManagerInViewInterceptor ：org.springframework.orm.jpa.support.OpenEntityManagerInViewInterceptor
2022-06-17 13:32:22.412 febs [main] INFO  c.j.t.testproject.utils.SpringUtils - 完成 初始化Bean openEntityManagerInViewInterceptorConfigurer ：org.springframework.boot.autoconfigure.orm.jpa.JpaBaseConfiguration$JpaWebConfiguration$1
2022-06-17 13:32:22.415 febs [main] INFO  c.j.t.testproject.utils.SpringUtils - 完成 初始化Bean org.springframework.data.web.config.SpringDataWebConfiguration ：org.springframework.data.web.config.SpringDataWebConfiguration
2022-06-17 13:32:22.417 febs [main] INFO  c.j.t.testproject.utils.SpringUtils - 完成 初始化Bean org.springframework.data.web.config.QuerydslWebConfiguration ：org.springframework.data.web.config.QuerydslWebConfiguration
2022-06-17 13:32:22.419 febs [main] INFO  c.j.t.testproject.utils.SpringUtils - 完成 初始化Bean org.springframework.boot.autoconfigure.web.servlet.WebMvcAutoConfiguration$EnableWebMvcConfiguration ：org.springframework.boot.autoconfigure.web.servlet.WebMvcAutoConfiguration$EnableWebMvcConfiguration
2022-06-17 13:32:22.426 febs [main] INFO  c.j.t.testproject.utils.SpringUtils - 完成 初始化Bean mvcContentNegotiationManager ：org.springframework.web.accept.ContentNegotiationManager
2022-06-17 13:32:22.439 febs [main] INFO  c.j.t.testproject.utils.SpringUtils - 完成 初始化Bean mvcConversionService ：org.springframework.boot.autoconfigure.web.format.WebConversionService
2022-06-17 13:32:22.446 febs [main] INFO  c.j.t.testproject.utils.SpringUtils - 完成 初始化Bean mvcValidator ：org.springframework.web.servlet.config.annotation.WebMvcConfigurationSupport$NoOpValidator
2022-06-17 13:32:22.457 febs [main] INFO  c.j.t.testproject.utils.SpringUtils - 完成 初始化Bean org.springframework.boot.autoconfigure.http.HttpMessageConvertersAutoConfiguration ：org.springframework.boot.autoconfigure.http.HttpMessageConvertersAutoConfiguration
2022-06-17 13:32:22.461 febs [main] INFO  c.j.t.testproject.utils.SpringUtils - 完成 初始化Bean org.springframework.boot.autoconfigure.http.HttpMessageConvertersAutoConfiguration$StringHttpMessageConverterConfiguration ：org.springframework.boot.autoconfigure.http.HttpMessageConvertersAutoConfiguration$StringHttpMessageConverterConfiguration
2022-06-17 13:32:22.468 febs [main] INFO  c.j.t.testproject.utils.SpringUtils - 完成 初始化Bean stringHttpMessageConverter ：org.springframework.http.converter.StringHttpMessageConverter
2022-06-17 13:32:22.470 febs [main] INFO  c.j.t.testproject.utils.SpringUtils - 完成 初始化Bean org.springframework.boot.autoconfigure.http.JacksonHttpMessageConvertersConfiguration$MappingJackson2HttpMessageConverterConfiguration ：org.springframework.boot.autoconfigure.http.JacksonHttpMessageConvertersConfiguration$MappingJackson2HttpMessageConverterConfiguration
2022-06-17 13:32:22.471 febs [main] INFO  c.j.t.testproject.utils.SpringUtils - 完成 初始化Bean org.springframework.boot.autoconfigure.jackson.JacksonAutoConfiguration$JacksonObjectMapperConfiguration ：org.springframework.boot.autoconfigure.jackson.JacksonAutoConfiguration$JacksonObjectMapperConfiguration
2022-06-17 13:32:22.472 febs [main] INFO  c.j.t.testproject.utils.SpringUtils - 完成 初始化Bean org.springframework.boot.autoconfigure.jackson.JacksonAutoConfiguration$JacksonObjectMapperBuilderConfiguration ：org.springframework.boot.autoconfigure.jackson.JacksonAutoConfiguration$JacksonObjectMapperBuilderConfiguration
2022-06-17 13:32:22.473 febs [main] INFO  c.j.t.testproject.utils.SpringUtils - 完成 初始化Bean org.springframework.boot.autoconfigure.jackson.JacksonAutoConfiguration$Jackson2ObjectMapperBuilderCustomizerConfiguration ：org.springframework.boot.autoconfigure.jackson.JacksonAutoConfiguration$Jackson2ObjectMapperBuilderCustomizerConfiguration
2022-06-17 13:32:22.476 febs [main] INFO  c.j.t.testproject.utils.SpringUtils - 完成 初始化Bean spring.jackson-org.springframework.boot.autoconfigure.jackson.JacksonProperties ：org.springframework.boot.autoconfigure.jackson.JacksonProperties
2022-06-17 13:32:22.478 febs [main] INFO  c.j.t.testproject.utils.SpringUtils - 完成 初始化Bean standardJacksonObjectMapperBuilderCustomizer ：org.springframework.boot.autoconfigure.jackson.JacksonAutoConfiguration$Jackson2ObjectMapperBuilderCustomizerConfiguration$StandardJackson2ObjectMapperBuilderCustomizer
2022-06-17 13:32:22.480 febs [main] INFO  c.j.t.testproject.utils.SpringUtils - 完成 初始化Bean org.springframework.boot.autoconfigure.jackson.JacksonAutoConfiguration$ParameterNamesModuleConfiguration ：org.springframework.boot.autoconfigure.jackson.JacksonAutoConfiguration$ParameterNamesModuleConfiguration
2022-06-17 13:32:22.491 febs [main] INFO  c.j.t.testproject.utils.SpringUtils - 完成 初始化Bean parameterNamesModule ：com.fasterxml.jackson.module.paramnames.ParameterNamesModule
2022-06-17 13:32:22.492 febs [main] INFO  c.j.t.testproject.utils.SpringUtils - 完成 初始化Bean org.springframework.boot.autoconfigure.jackson.JacksonAutoConfiguration ：org.springframework.boot.autoconfigure.jackson.JacksonAutoConfiguration
2022-06-17 13:32:22.498 febs [main] INFO  c.j.t.testproject.utils.SpringUtils - 完成 初始化Bean jsonComponentModule ：org.springframework.boot.jackson.JsonComponentModule
2022-06-17 13:32:22.502 febs [main] INFO  c.j.t.testproject.utils.SpringUtils - 完成 初始化Bean org.springframework.data.web.config.SpringDataJacksonConfiguration ：org.springframework.data.web.config.SpringDataJacksonConfiguration
2022-06-17 13:32:22.507 febs [main] INFO  c.j.t.testproject.utils.SpringUtils - 完成 初始化Bean jacksonGeoModule ：org.springframework.data.geo.GeoModule
2022-06-17 13:32:22.511 febs [main] INFO  c.j.t.testproject.utils.SpringUtils - 完成 初始化Bean jacksonObjectMapperBuilder ：org.springframework.http.converter.json.Jackson2ObjectMapperBuilder
2022-06-17 13:32:22.602 febs [main] INFO  c.j.t.testproject.utils.SpringUtils - 完成 初始化Bean jacksonObjectMapper ：com.fasterxml.jackson.databind.ObjectMapper
2022-06-17 13:32:22.607 febs [main] INFO  c.j.t.testproject.utils.SpringUtils - 完成 初始化Bean mappingJackson2HttpMessageConverter ：org.springframework.http.converter.json.MappingJackson2HttpMessageConverter
2022-06-17 13:32:22.612 febs [main] INFO  c.j.t.testproject.utils.SpringUtils - 完成 初始化Bean messageConverters ：org.springframework.boot.autoconfigure.http.HttpMessageConverters
2022-06-17 13:32:22.659 febs [main] INFO  c.j.t.testproject.utils.SpringUtils - 完成 初始化Bean spring.data.web-org.springframework.boot.autoconfigure.data.web.SpringDataWebProperties ：org.springframework.boot.autoconfigure.data.web.SpringDataWebProperties
2022-06-17 13:32:22.660 febs [main] INFO  c.j.t.testproject.utils.SpringUtils - 完成 初始化Bean org.springframework.boot.autoconfigure.data.web.SpringDataWebAutoConfiguration ：org.springframework.boot.autoconfigure.data.web.SpringDataWebAutoConfiguration
2022-06-17 13:32:22.662 febs [main] INFO  c.j.t.testproject.utils.SpringUtils - 完成 初始化Bean sortCustomizer ：org.springframework.boot.autoconfigure.data.web.SpringDataWebAutoConfiguration$$Lambda$1168/29173654
2022-06-17 13:32:22.666 febs [main] INFO  c.j.t.testproject.utils.SpringUtils - 完成 初始化Bean sortResolver ：org.springframework.data.web.SortHandlerMethodArgumentResolver
2022-06-17 13:32:22.670 febs [main] INFO  c.j.t.testproject.utils.SpringUtils - 完成 初始化Bean pageableCustomizer ：org.springframework.boot.autoconfigure.data.web.SpringDataWebAutoConfiguration$$Lambda$1170/14431044
2022-06-17 13:32:22.675 febs [main] INFO  c.j.t.testproject.utils.SpringUtils - 完成 初始化Bean pageableResolver ：org.springframework.data.web.PageableHandlerMethodArgumentResolver
2022-06-17 13:32:22.686 febs [main] INFO  c.j.t.testproject.utils.SpringUtils - 完成 初始化Bean querydslBindingsFactory ：org.springframework.data.querydsl.binding.QuerydslBindingsFactory
2022-06-17 13:32:22.695 febs [main] INFO  c.j.t.testproject.utils.SpringUtils - 完成 初始化Bean querydslPredicateArgumentResolver ：org.springframework.data.web.querydsl.QuerydslPredicateArgumentResolver
2022-06-17 13:32:22.711 febs [main] INFO  c.j.t.testproject.utils.SpringUtils - 完成 初始化Bean applicationTaskExecutor ：org.springframework.scheduling.concurrent.ThreadPoolTaskExecutor
2022-06-17 13:32:22.761 febs [main] INFO  c.j.t.testproject.utils.SpringUtils - 完成 初始化Bean requestMappingHandlerAdapter ：org.springframework.web.servlet.mvc.method.annotation.RequestMappingHandlerAdapter
2022-06-17 13:32:22.770 febs [main] INFO  c.j.t.testproject.utils.SpringUtils - 完成 初始化Bean mvcResourceUrlProvider ：org.springframework.web.servlet.resource.ResourceUrlProvider
2022-06-17 13:32:22.822 febs [main] INFO  c.j.t.testproject.utils.SpringUtils - 完成 初始化Bean requestMappingHandlerMapping ：org.springframework.web.servlet.mvc.method.annotation.RequestMappingHandlerMapping
2022-06-17 13:32:22.834 febs [main] INFO  c.j.t.testproject.utils.SpringUtils - 完成 初始化Bean welcomePageHandlerMapping ：org.springframework.boot.autoconfigure.web.servlet.WelcomePageHandlerMapping
2022-06-17 13:32:22.837 febs [main] INFO  c.j.t.testproject.utils.SpringUtils - 完成 初始化Bean localeResolver ：org.springframework.web.servlet.i18n.AcceptHeaderLocaleResolver
2022-06-17 13:32:22.840 febs [main] INFO  c.j.t.testproject.utils.SpringUtils - 完成 初始化Bean themeResolver ：org.springframework.web.servlet.theme.FixedThemeResolver
2022-06-17 13:32:22.843 febs [main] INFO  c.j.t.testproject.utils.SpringUtils - 完成 初始化Bean flashMapManager ：org.springframework.web.servlet.support.SessionFlashMapManager
2022-06-17 13:32:22.844 febs [main] INFO  c.j.t.testproject.utils.SpringUtils - 完成 初始化Bean mvcPatternParser ：org.springframework.web.util.pattern.PathPatternParser
2022-06-17 13:32:22.849 febs [main] INFO  c.j.t.testproject.utils.SpringUtils - 完成 初始化Bean mvcUrlPathHelper ：org.springframework.web.util.UrlPathHelper
2022-06-17 13:32:22.851 febs [main] INFO  c.j.t.testproject.utils.SpringUtils - 完成 初始化Bean mvcPathMatcher ：org.springframework.util.AntPathMatcher
2022-06-17 13:32:22.853 febs [main] INFO  c.j.t.testproject.utils.SpringUtils - 完成 初始化Bean viewControllerHandlerMapping ：org.springframework.beans.factory.support.NullBean
2022-06-17 13:32:22.861 febs [main] INFO  c.j.t.testproject.utils.SpringUtils - 完成 初始化Bean beanNameHandlerMapping ：org.springframework.web.servlet.handler.BeanNameUrlHandlerMapping
2022-06-17 13:32:22.869 febs [main] INFO  c.j.t.testproject.utils.SpringUtils - 完成 初始化Bean routerFunctionMapping ：org.springframework.web.servlet.function.support.RouterFunctionMapping
2022-06-17 13:32:22.882 febs [main] INFO  c.j.t.testproject.utils.SpringUtils - 完成 初始化Bean resourceHandlerMapping ：org.springframework.web.servlet.handler.SimpleUrlHandlerMapping
2022-06-17 13:32:22.883 febs [main] INFO  c.j.t.testproject.utils.SpringUtils - 完成 初始化Bean defaultServletHandlerMapping ：org.springframework.beans.factory.support.NullBean
2022-06-17 13:32:22.885 febs [main] INFO  c.j.t.testproject.utils.SpringUtils - 完成 初始化Bean handlerFunctionAdapter ：org.springframework.web.servlet.function.support.HandlerFunctionAdapter
2022-06-17 13:32:22.889 febs [main] INFO  c.j.t.testproject.utils.SpringUtils - 完成 初始化Bean mvcUriComponentsContributor ：org.springframework.web.method.support.CompositeUriComponentsContributor
2022-06-17 13:32:22.890 febs [main] INFO  c.j.t.testproject.utils.SpringUtils - 完成 初始化Bean httpRequestHandlerAdapter ：org.springframework.web.servlet.mvc.HttpRequestHandlerAdapter
2022-06-17 13:32:22.891 febs [main] INFO  c.j.t.testproject.utils.SpringUtils - 完成 初始化Bean simpleControllerHandlerAdapter ：org.springframework.web.servlet.mvc.SimpleControllerHandlerAdapter
2022-06-17 13:32:22.898 febs [main] INFO  c.j.t.testproject.utils.SpringUtils - 完成 初始化Bean handlerExceptionResolver ：org.springframework.web.servlet.handler.HandlerExceptionResolverComposite
2022-06-17 13:32:22.907 febs [main] INFO  c.j.t.testproject.utils.SpringUtils - 完成 初始化Bean mvcViewResolver ：org.springframework.web.servlet.view.ViewResolverComposite
2022-06-17 13:32:22.910 febs [main] INFO  c.j.t.testproject.utils.SpringUtils - 完成 初始化Bean viewNameTranslator ：org.springframework.web.servlet.view.DefaultRequestToViewNameTranslator
2022-06-17 13:32:22.923 febs [main] INFO  c.j.t.testproject.utils.SpringUtils - 完成 初始化Bean defaultViewResolver ：org.springframework.web.servlet.view.InternalResourceViewResolver
2022-06-17 13:32:22.929 febs [main] INFO  c.j.t.testproject.utils.SpringUtils - 完成 初始化Bean viewResolver ：org.springframework.web.servlet.view.ContentNegotiatingViewResolver
2022-06-17 13:32:22.939 febs [main] INFO  c.j.t.testproject.utils.SpringUtils - 完成 初始化Bean requestContextFilter ：org.springframework.boot.web.servlet.filter.OrderedRequestContextFilter
2022-06-17 13:32:22.940 febs [main] INFO  c.j.t.testproject.utils.SpringUtils - 完成 初始化Bean org.springframework.boot.autoconfigure.web.servlet.WebMvcAutoConfiguration ：org.springframework.boot.autoconfigure.web.servlet.WebMvcAutoConfiguration
2022-06-17 13:32:22.950 febs [main] INFO  c.j.t.testproject.utils.SpringUtils - 完成 初始化Bean formContentFilter ：org.springframework.boot.web.servlet.filter.OrderedFormContentFilter
2022-06-17 13:32:22.952 febs [main] INFO  c.j.t.testproject.utils.SpringUtils - 完成 初始化Bean org.springframework.boot.autoconfigure.transaction.jta.JtaAutoConfiguration ：org.springframework.boot.autoconfigure.transaction.jta.JtaAutoConfiguration
2022-06-17 13:32:22.953 febs [main] INFO  c.j.t.testproject.utils.SpringUtils - 完成 初始化Bean org.springframework.boot.autoconfigure.jdbc.DataSourceAutoConfiguration$PooledDataSourceConfiguration ：org.springframework.boot.autoconfigure.jdbc.DataSourceAutoConfiguration$PooledDataSourceConfiguration
2022-06-17 13:32:22.954 febs [main] INFO  c.j.t.testproject.utils.SpringUtils - 完成 初始化Bean org.springframework.boot.autoconfigure.jdbc.metadata.DataSourcePoolMetadataProvidersConfiguration ：org.springframework.boot.autoconfigure.jdbc.metadata.DataSourcePoolMetadataProvidersConfiguration
2022-06-17 13:32:22.956 febs [main] INFO  c.j.t.testproject.utils.SpringUtils - 完成 初始化Bean org.springframework.boot.autoconfigure.jdbc.DataSourceAutoConfiguration ：org.springframework.boot.autoconfigure.jdbc.DataSourceAutoConfiguration
2022-06-17 13:32:22.959 febs [main] INFO  c.j.t.testproject.utils.SpringUtils - 完成 初始化Bean org.mybatis.spring.boot.autoconfigure.MybatisLanguageDriverAutoConfiguration ：org.mybatis.spring.boot.autoconfigure.MybatisLanguageDriverAutoConfiguration$$EnhancerBySpringCGLIB$$7117e3f9
2022-06-17 13:32:22.967 febs [main] INFO  c.j.t.testproject.utils.SpringUtils - 完成 初始化Bean org.mybatis.spring.boot.autoconfigure.MybatisAutoConfiguration$MapperScannerRegistrarNotFoundConfiguration ：org.mybatis.spring.boot.autoconfigure.MybatisAutoConfiguration$MapperScannerRegistrarNotFoundConfiguration$$EnhancerBySpringCGLIB$$a9b77a8c
2022-06-17 13:32:22.968 febs [main] INFO  c.j.t.testproject.utils.SpringUtils - 完成 初始化Bean org.springframework.boot.autoconfigure.aop.AopAutoConfiguration$AspectJAutoProxyingConfiguration$CglibAutoProxyConfiguration ：org.springframework.boot.autoconfigure.aop.AopAutoConfiguration$AspectJAutoProxyingConfiguration$CglibAutoProxyConfiguration
2022-06-17 13:32:22.969 febs [main] INFO  c.j.t.testproject.utils.SpringUtils - 完成 初始化Bean org.springframework.boot.autoconfigure.aop.AopAutoConfiguration$AspectJAutoProxyingConfiguration ：org.springframework.boot.autoconfigure.aop.AopAutoConfiguration$AspectJAutoProxyingConfiguration
2022-06-17 13:32:22.971 febs [main] INFO  c.j.t.testproject.utils.SpringUtils - 完成 初始化Bean org.springframework.boot.autoconfigure.aop.AopAutoConfiguration ：org.springframework.boot.autoconfigure.aop.AopAutoConfiguration
2022-06-17 13:32:22.972 febs [main] INFO  c.j.t.testproject.utils.SpringUtils - 完成 初始化Bean org.springframework.boot.autoconfigure.availability.ApplicationAvailabilityAutoConfiguration ：org.springframework.boot.autoconfigure.availability.ApplicationAvailabilityAutoConfiguration
2022-06-17 13:32:22.976 febs [main] INFO  c.j.t.testproject.utils.SpringUtils - 完成 初始化Bean applicationAvailability ：org.springframework.boot.availability.ApplicationAvailabilityBean
2022-06-17 13:32:22.980 febs [main] INFO  c.j.t.testproject.utils.SpringUtils - 完成 初始化Bean org.springframework.boot.autoconfigure.transaction.TransactionAutoConfiguration ：org.springframework.boot.autoconfigure.transaction.TransactionAutoConfiguration
2022-06-17 13:32:22.984 febs [main] INFO  c.j.t.testproject.utils.SpringUtils - 完成 初始化Bean spring.transaction-org.springframework.boot.autoconfigure.transaction.TransactionProperties ：org.springframework.boot.autoconfigure.transaction.TransactionProperties
2022-06-17 13:32:22.986 febs [main] INFO  c.j.t.testproject.utils.SpringUtils - 完成 初始化Bean platformTransactionManagerCustomizers ：org.springframework.boot.autoconfigure.transaction.TransactionManagerCustomizers
2022-06-17 13:32:22.994 febs [main] INFO  c.j.t.testproject.utils.SpringUtils - 完成 初始化Bean transactionManager ：org.springframework.orm.jpa.JpaTransactionManager
2022-06-17 13:32:22.995 febs [main] INFO  c.j.t.testproject.utils.SpringUtils - 完成 初始化Bean org.springframework.boot.autoconfigure.orm.jpa.HibernateJpaAutoConfiguration ：org.springframework.boot.autoconfigure.orm.jpa.HibernateJpaAutoConfiguration
2022-06-17 13:32:22.996 febs [main] INFO  c.j.t.testproject.utils.SpringUtils - 完成 初始化Bean org.springframework.boot.autoconfigure.context.ConfigurationPropertiesAutoConfiguration ：org.springframework.boot.autoconfigure.context.ConfigurationPropertiesAutoConfiguration
2022-06-17 13:32:22.998 febs [main] INFO  c.j.t.testproject.utils.SpringUtils - 完成 初始化Bean org.springframework.boot.autoconfigure.context.LifecycleAutoConfiguration ：org.springframework.boot.autoconfigure.context.LifecycleAutoConfiguration
2022-06-17 13:32:23.000 febs [main] INFO  c.j.t.testproject.utils.SpringUtils - 完成 初始化Bean spring.lifecycle-org.springframework.boot.autoconfigure.context.LifecycleProperties ：org.springframework.boot.autoconfigure.context.LifecycleProperties
2022-06-17 13:32:23.004 febs [main] INFO  c.j.t.testproject.utils.SpringUtils - 完成 初始化Bean lifecycleProcessor ：org.springframework.context.support.DefaultLifecycleProcessor
2022-06-17 13:32:23.005 febs [main] INFO  c.j.t.testproject.utils.SpringUtils - 完成 初始化Bean org.springframework.boot.autoconfigure.dao.PersistenceExceptionTranslationAutoConfiguration ：org.springframework.boot.autoconfigure.dao.PersistenceExceptionTranslationAutoConfiguration
2022-06-17 13:32:23.006 febs [main] INFO  c.j.t.testproject.utils.SpringUtils - 完成 初始化Bean org.springframework.boot.autoconfigure.data.jpa.JpaRepositoriesAutoConfiguration ：org.springframework.boot.autoconfigure.data.jpa.JpaRepositoriesAutoConfiguration
2022-06-17 13:32:23.007 febs [main] INFO  c.j.t.testproject.utils.SpringUtils - 完成 初始化Bean org.springframework.data.jpa.util.JpaMetamodelCacheCleanup ：org.springframework.data.jpa.util.JpaMetamodelCacheCleanup
2022-06-17 13:32:23.010 febs [main] INFO  c.j.t.testproject.utils.SpringUtils - 完成 初始化Bean org.springframework.data.jpa.repository.support.JpaEvaluationContextExtension ：org.springframework.data.jpa.repository.support.JpaEvaluationContextExtension
2022-06-17 13:32:23.011 febs [main] INFO  c.j.t.testproject.utils.SpringUtils - 完成 初始化Bean org.springframework.boot.autoconfigure.http.JacksonHttpMessageConvertersConfiguration ：org.springframework.boot.autoconfigure.http.JacksonHttpMessageConvertersConfiguration
2022-06-17 13:32:23.012 febs [main] INFO  c.j.t.testproject.utils.SpringUtils - 完成 初始化Bean org.springframework.data.web.config.ProjectingArgumentResolverRegistrar ：org.springframework.data.web.config.ProjectingArgumentResolverRegistrar
2022-06-17 13:32:23.016 febs [main] INFO  c.j.t.testproject.utils.SpringUtils - 完成 初始化Bean spring.info-org.springframework.boot.autoconfigure.info.ProjectInfoProperties ：org.springframework.boot.autoconfigure.info.ProjectInfoProperties
2022-06-17 13:32:23.018 febs [main] INFO  c.j.t.testproject.utils.SpringUtils - 完成 初始化Bean org.springframework.boot.autoconfigure.info.ProjectInfoAutoConfiguration ：org.springframework.boot.autoconfigure.info.ProjectInfoAutoConfiguration
2022-06-17 13:32:23.019 febs [main] INFO  c.j.t.testproject.utils.SpringUtils - 完成 初始化Bean org.springframework.boot.autoconfigure.jdbc.JdbcTemplateConfiguration ：org.springframework.boot.autoconfigure.jdbc.JdbcTemplateConfiguration
2022-06-17 13:32:23.020 febs [main] INFO  c.j.t.testproject.utils.SpringUtils - 完成 初始化Bean spring.jdbc-org.springframework.boot.autoconfigure.jdbc.JdbcProperties ：org.springframework.boot.autoconfigure.jdbc.JdbcProperties
2022-06-17 13:32:23.036 febs [main] INFO  c.j.t.testproject.utils.SpringUtils - 完成 初始化Bean jdbcTemplate ：org.springframework.jdbc.core.JdbcTemplate
2022-06-17 13:32:23.038 febs [main] INFO  c.j.t.testproject.utils.SpringUtils - 完成 初始化Bean org.springframework.boot.autoconfigure.jdbc.NamedParameterJdbcTemplateConfiguration ：org.springframework.boot.autoconfigure.jdbc.NamedParameterJdbcTemplateConfiguration
2022-06-17 13:32:23.045 febs [main] INFO  c.j.t.testproject.utils.SpringUtils - 完成 初始化Bean namedParameterJdbcTemplate ：org.springframework.jdbc.core.namedparam.NamedParameterJdbcTemplate
2022-06-17 13:32:23.047 febs [main] INFO  c.j.t.testproject.utils.SpringUtils - 完成 初始化Bean org.springframework.boot.autoconfigure.jdbc.JdbcTemplateAutoConfiguration ：org.springframework.boot.autoconfigure.jdbc.JdbcTemplateAutoConfiguration
2022-06-17 13:32:23.048 febs [main] INFO  c.j.t.testproject.utils.SpringUtils - 完成 初始化Bean org.springframework.boot.autoconfigure.sql.init.SqlInitializationAutoConfiguration ：org.springframework.boot.autoconfigure.sql.init.SqlInitializationAutoConfiguration
2022-06-17 13:32:23.052 febs [main] INFO  c.j.t.testproject.utils.SpringUtils - 完成 初始化Bean org.springframework.boot.autoconfigure.task.TaskSchedulingAutoConfiguration ：org.springframework.boot.autoconfigure.task.TaskSchedulingAutoConfiguration
2022-06-17 13:32:23.054 febs [main] INFO  c.j.t.testproject.utils.SpringUtils - 完成 初始化Bean scheduledBeanLazyInitializationExcludeFilter ：org.springframework.boot.autoconfigure.task.ScheduledBeanLazyInitializationExcludeFilter
2022-06-17 13:32:23.055 febs [main] INFO  c.j.t.testproject.utils.SpringUtils - 完成 初始化Bean spring.task.scheduling-org.springframework.boot.autoconfigure.task.TaskSchedulingProperties ：org.springframework.boot.autoconfigure.task.TaskSchedulingProperties
2022-06-17 13:32:23.057 febs [main] INFO  c.j.t.testproject.utils.SpringUtils - 完成 初始化Bean taskSchedulerBuilder ：org.springframework.boot.task.TaskSchedulerBuilder
2022-06-17 13:32:23.058 febs [main] INFO  c.j.t.testproject.utils.SpringUtils - 完成 初始化Bean org.springframework.boot.autoconfigure.jdbc.DataSourceTransactionManagerAutoConfiguration$JdbcTransactionManagerConfiguration ：org.springframework.boot.autoconfigure.jdbc.DataSourceTransactionManagerAutoConfiguration$JdbcTransactionManagerConfiguration
2022-06-17 13:32:23.059 febs [main] INFO  c.j.t.testproject.utils.SpringUtils - 完成 初始化Bean org.springframework.boot.autoconfigure.jdbc.DataSourceTransactionManagerAutoConfiguration ：org.springframework.boot.autoconfigure.jdbc.DataSourceTransactionManagerAutoConfiguration
2022-06-17 13:32:23.061 febs [main] INFO  c.j.t.testproject.utils.SpringUtils - 完成 初始化Bean org.springframework.boot.autoconfigure.transaction.TransactionAutoConfiguration$TransactionTemplateConfiguration ：org.springframework.boot.autoconfigure.transaction.TransactionAutoConfiguration$TransactionTemplateConfiguration
2022-06-17 13:32:23.067 febs [main] INFO  c.j.t.testproject.utils.SpringUtils - 完成 初始化Bean transactionTemplate ：org.springframework.transaction.support.TransactionTemplate
2022-06-17 13:32:23.069 febs [main] INFO  c.j.t.testproject.utils.SpringUtils - 完成 初始化Bean org.springframework.boot.autoconfigure.web.client.RestTemplateAutoConfiguration ：org.springframework.boot.autoconfigure.web.client.RestTemplateAutoConfiguration
2022-06-17 13:32:23.070 febs [main] INFO  c.j.t.testproject.utils.SpringUtils - 完成 初始化Bean org.springframework.boot.autoconfigure.web.embedded.EmbeddedWebServerFactoryCustomizerAutoConfiguration ：org.springframework.boot.autoconfigure.web.embedded.EmbeddedWebServerFactoryCustomizerAutoConfiguration
2022-06-17 13:32:23.077 febs [main] INFO  c.j.t.testproject.utils.SpringUtils - 完成 初始化Bean characterEncodingFilter ：org.springframework.boot.web.servlet.filter.OrderedCharacterEncodingFilter
2022-06-17 13:32:23.079 febs [main] INFO  c.j.t.testproject.utils.SpringUtils - 完成 初始化Bean multipartResolver ：org.springframework.web.multipart.support.StandardServletMultipartResolver
2022-06-17 13:32:23.091 febs [main] INFO  c.j.t.t.TestProjectApplicationTests - Started TestProjectApplicationTests in 4.554 seconds (JVM running for 5.291)
2022-06-17 13:32:23.111 febs [main] INFO  c.j.t.testproject.utils.SpringUtils - 完成 初始化Bean com.jiao.testproject.testproject.TestProjectApplicationTests.ORIGINAL ：com.jiao.testproject.testproject.TestProjectApplicationTests
2022-06-17 13:32:23.287 febs [SpringApplicationShutdownHook] INFO  o.s.o.j.LocalContainerEntityManagerFactoryBean - Closing JPA EntityManagerFactory for persistence unit 'default'
2022-06-17 13:32:23.288 febs [SpringApplicationShutdownHook] INFO  com.zaxxer.hikari.HikariDataSource - HikariPool-1 - Shutdown initiated...
2022-06-17 13:32:23.294 febs [SpringApplicationShutdownHook] INFO  com.zaxxer.hikari.HikariDataSource - HikariPool-1 - Shutdown completed.
